{"/Users/gemma_maeso/travel-expenses/src/budgetCalculator.ts": {"path":"/Users/gemma_maeso/travel-expenses/src/budgetCalculator.ts","statementMap":{"0":{"start":{"line":6,"column":13},"end":{"line":28,"column":null}},"1":{"start":{"line":10,"column":2},"end":{"line":11,"column":null}},"2":{"start":{"line":11,"column":4},"end":{"line":11,"column":null}},"3":{"start":{"line":14,"column":2},"end":{"line":15,"column":null}},"4":{"start":{"line":15,"column":4},"end":{"line":15,"column":null}},"5":{"start":{"line":18,"column":22},"end":{"line":18,"column":null}},"6":{"start":{"line":20,"column":2},"end":{"line":21,"column":null}},"7":{"start":{"line":21,"column":4},"end":{"line":21,"column":null}},"8":{"start":{"line":24,"column":2},"end":{"line":25,"column":null}},"9":{"start":{"line":25,"column":4},"end":{"line":25,"column":null}},"10":{"start":{"line":28,"column":2},"end":{"line":28,"column":null}}},"fnMap":{"0":{"name":"(anonymous_0)","decl":{"start":{"line":6,"column":13},"end":{"line":6,"column":null}},"loc":{"start":{"line":9,"column":19},"end":{"line":28,"column":null}},"line":9}},"branchMap":{"0":{"loc":{"start":{"line":10,"column":2},"end":{"line":11,"column":null}},"type":"if","locations":[{"start":{"line":10,"column":2},"end":{"line":11,"column":null}},{"start":{},"end":{}}],"line":10},"1":{"loc":{"start":{"line":14,"column":2},"end":{"line":15,"column":null}},"type":"if","locations":[{"start":{"line":14,"column":2},"end":{"line":15,"column":null}},{"start":{},"end":{}}],"line":14},"2":{"loc":{"start":{"line":20,"column":2},"end":{"line":21,"column":null}},"type":"if","locations":[{"start":{"line":20,"column":2},"end":{"line":21,"column":null}},{"start":{},"end":{}}],"line":20},"3":{"loc":{"start":{"line":24,"column":2},"end":{"line":25,"column":null}},"type":"if","locations":[{"start":{"line":24,"column":2},"end":{"line":25,"column":null}},{"start":{},"end":{}}],"line":24}},"s":{"0":1,"1":5,"2":1,"3":4,"4":1,"5":3,"6":3,"7":1,"8":2,"9":1,"10":1},"f":{"0":5},"b":{"0":[1,4],"1":[1,3],"2":[1,2],"3":[1,1]},"meta":{"lastBranch":4,"lastFunction":1,"lastStatement":11,"seen":{"s:6:13:28:Infinity":0,"f:6:13:6:Infinity":0,"b:10:2:11:Infinity:undefined:undefined:undefined:undefined":0,"s:10:2:11:Infinity":1,"s:11:4:11:Infinity":2,"b:14:2:15:Infinity:undefined:undefined:undefined:undefined":1,"s:14:2:15:Infinity":3,"s:15:4:15:Infinity":4,"s:18:22:18:Infinity":5,"b:20:2:21:Infinity:undefined:undefined:undefined:undefined":2,"s:20:2:21:Infinity":6,"s:21:4:21:Infinity":7,"b:24:2:25:Infinity:undefined:undefined:undefined:undefined":3,"s:24:2:25:Infinity":8,"s:25:4:25:Infinity":9,"s:28:2:28:Infinity":10}}}
,"/Users/gemma_maeso/travel-expenses/src/expenseTracker.ts": {"path":"/Users/gemma_maeso/travel-expenses/src/expenseTracker.ts","statementMap":{"0":{"start":{"line":13,"column":13},"end":{"line":58,"column":null}},"1":{"start":{"line":17,"column":2},"end":{"line":18,"column":null}},"2":{"start":{"line":18,"column":4},"end":{"line":18,"column":null}},"3":{"start":{"line":20,"column":2},"end":{"line":21,"column":null}},"4":{"start":{"line":20,"column":38},"end":{"line":20,"column":50}},"5":{"start":{"line":21,"column":4},"end":{"line":21,"column":null}},"6":{"start":{"line":24,"column":2},"end":{"line":25,"column":null}},"7":{"start":{"line":25,"column":4},"end":{"line":25,"column":null}},"8":{"start":{"line":28,"column":21},"end":{"line":28,"column":null}},"9":{"start":{"line":29,"column":22},"end":{"line":29,"column":null}},"10":{"start":{"line":29,"column":56},"end":{"line":29,"column":68}},"11":{"start":{"line":31,"column":20},"end":{"line":31,"column":76}},"12":{"start":{"line":31,"column":59},"end":{"line":31,"column":74}},"13":{"start":{"line":32,"column":30},"end":{"line":32,"column":null}},"14":{"start":{"line":34,"column":22},"end":{"line":34,"column":null}},"15":{"start":{"line":36,"column":17},"end":{"line":36,"column":null}},"16":{"start":{"line":39,"column":2},"end":{"line":47,"column":null}},"17":{"start":{"line":40,"column":4},"end":{"line":40,"column":null}},"18":{"start":{"line":41,"column":4},"end":{"line":41,"column":null}},"19":{"start":{"line":42,"column":9},"end":{"line":47,"column":null}},"20":{"start":{"line":43,"column":4},"end":{"line":43,"column":null}},"21":{"start":{"line":44,"column":4},"end":{"line":44,"column":null}},"22":{"start":{"line":46,"column":4},"end":{"line":46,"column":null}},"23":{"start":{"line":47,"column":4},"end":{"line":47,"column":null}},"24":{"start":{"line":50,"column":2},"end":{"line":58,"column":null}}},"fnMap":{"0":{"name":"(anonymous_0)","decl":{"start":{"line":13,"column":13},"end":{"line":13,"column":null}},"loc":{"start":{"line":16,"column":20},"end":{"line":58,"column":null}},"line":16},"1":{"name":"(anonymous_1)","decl":{"start":{"line":20,"column":20},"end":{"line":20,"column":26}},"loc":{"start":{"line":20,"column":38},"end":{"line":20,"column":50}},"line":20},"2":{"name":"(anonymous_2)","decl":{"start":{"line":29,"column":36},"end":{"line":29,"column":44}},"loc":{"start":{"line":29,"column":56},"end":{"line":29,"column":68}},"line":29},"3":{"name":"(anonymous_3)","decl":{"start":{"line":31,"column":34},"end":{"line":31,"column":42}},"loc":{"start":{"line":31,"column":59},"end":{"line":31,"column":74}},"line":31}},"branchMap":{"0":{"loc":{"start":{"line":17,"column":2},"end":{"line":18,"column":null}},"type":"if","locations":[{"start":{"line":17,"column":2},"end":{"line":18,"column":null}},{"start":{},"end":{}}],"line":17},"1":{"loc":{"start":{"line":20,"column":2},"end":{"line":21,"column":null}},"type":"if","locations":[{"start":{"line":20,"column":2},"end":{"line":21,"column":null}},{"start":{},"end":{}}],"line":20},"2":{"loc":{"start":{"line":24,"column":2},"end":{"line":25,"column":null}},"type":"if","locations":[{"start":{"line":24,"column":2},"end":{"line":25,"column":null}},{"start":{},"end":{}}],"line":24},"3":{"loc":{"start":{"line":39,"column":2},"end":{"line":47,"column":null}},"type":"if","locations":[{"start":{"line":39,"column":2},"end":{"line":47,"column":null}},{"start":{"line":42,"column":9},"end":{"line":47,"column":null}}],"line":39},"4":{"loc":{"start":{"line":42,"column":9},"end":{"line":47,"column":null}},"type":"if","locations":[{"start":{"line":42,"column":9},"end":{"line":47,"column":null}},{"start":{"line":45,"column":9},"end":{"line":47,"column":null}}],"line":42}},"s":{"0":1,"1":6,"2":1,"3":5,"4":15,"5":1,"6":4,"7":1,"8":3,"9":3,"10":12,"11":3,"12":12,"13":3,"14":3,"15":3,"16":3,"17":1,"18":1,"19":2,"20":1,"21":1,"22":1,"23":1,"24":3},"f":{"0":6,"1":15,"2":12,"3":12},"b":{"0":[1,5],"1":[1,4],"2":[1,3],"3":[1,2],"4":[1,1]},"meta":{"lastBranch":5,"lastFunction":4,"lastStatement":25,"seen":{"s:13:13:58:Infinity":0,"f:13:13:13:Infinity":0,"b:17:2:18:Infinity:undefined:undefined:undefined:undefined":0,"s:17:2:18:Infinity":1,"s:18:4:18:Infinity":2,"b:20:2:21:Infinity:undefined:undefined:undefined:undefined":1,"s:20:2:21:Infinity":3,"f:20:20:20:26":1,"s:20:38:20:50":4,"s:21:4:21:Infinity":5,"b:24:2:25:Infinity:undefined:undefined:undefined:undefined":2,"s:24:2:25:Infinity":6,"s:25:4:25:Infinity":7,"s:28:21:28:Infinity":8,"s:29:22:29:Infinity":9,"f:29:36:29:44":2,"s:29:56:29:68":10,"s:31:20:31:76":11,"f:31:34:31:42":3,"s:31:59:31:74":12,"s:32:30:32:Infinity":13,"s:34:22:34:Infinity":14,"s:36:17:36:Infinity":15,"b:39:2:47:Infinity:42:9:47:Infinity":3,"s:39:2:47:Infinity":16,"s:40:4:40:Infinity":17,"s:41:4:41:Infinity":18,"b:42:9:47:Infinity:45:9:47:Infinity":4,"s:42:9:47:Infinity":19,"s:43:4:43:Infinity":20,"s:44:4:44:Infinity":21,"s:46:4:46:Infinity":22,"s:47:4:47:Infinity":23,"s:50:2:58:Infinity":24}}}
}
